2023-08-20 13:37:26,308 - root - ERROR - An exception was thrown
2023-08-20 13:40:08,902 - root - ERROR - An exception was thrown
2023-08-20 13:41:39,890 - root - INFO - Venmo payment successful to User ID: XXXXXXXXXXXXXXX0085
2023-08-20 13:41:41,456 - root - INFO - Venmo payment successful to User ID: XXXXXXXXXXXXXXX0085
2023-08-20 13:41:41,788 - root - INFO - Venmo request successful to User ID: XXXXXXXXXXXXXXX0085
2023-08-20 13:41:42,131 - root - INFO - Venmo request successful to User ID: XXXXXXXXXXXXXXX0085
2023-08-20 20:45:20,994 - root - ERROR - An exception was thrown
2023-08-20 20:58:41,296 - root - INFO - True | Venmo payment to User ID: XXXXXXXXXXXXXXX0085
2023-08-20 20:58:42,692 - root - INFO - True | Venmo request to User ID: XXXXXXXXXXXXXXX0085
2023-09-01 12:06:16,751 - root - INFO - True | Venmo payment to User ID: XXXXXXXXXXXXXXX3170
2023-09-01 12:06:19,051 - root - INFO - True | Venmo request to User ID: XXXXXXXXXXXXXXX0085
2023-10-01 12:05:37,163 - root - INFO - True | Venmo payment to User ID: XXXXXXXXXXXXXXX3170
2023-10-01 12:05:38,966 - root - INFO - True | Venmo request to User ID: XXXXXXXXXXXXXXX0085
2023-10-01 12:05:40,551 - root - INFO - True | Venmo request to User ID: XXXXXXXXXXXXXXX0085
2023-11-01 12:05:57,173 - root - INFO - True | Venmo payment to User ID: XXXXXXXXXXXXXXX3170
2023-11-01 12:05:58,784 - root - INFO - True | Venmo request to User ID: XXXXXXXXXXXXXXX0085
2023-11-01 12:05:59,756 - root - INFO - True | Venmo request to User ID: XXXXXXXXXXXXXXX0085
2023-12-01 12:06:02,307 - root - INFO - True | Venmo payment to User ID: XXXXXXXXXXXXXXX3170
2023-12-01 12:06:04,422 - root - INFO - True | Venmo request to User ID: XXXXXXXXXXXXXXX0085
2023-12-01 12:06:05,792 - root - INFO - True | Venmo request to User ID: XXXXXXXXXXXXXXX0085
2024-01-01 12:05:55,252 - root - INFO - True | Venmo payment to User ID: XXXXXXXXXXXXXXX3170
2024-01-01 12:05:56,654 - root - INFO - True | Venmo request to User ID: XXXXXXXXXXXXXXX0085
2024-01-01 12:05:57,735 - root - INFO - True | Venmo request to User ID: XXXXXXXXXXXXXXX0085
2024-02-01 12:05:54,318 - root - ERROR - An exception was thrown
2024-03-01 12:06:04,934 - root - ERROR - An exception was thrown
